<?xml version="1.0" encoding="UTF-8"?>
<!-- Generated by org.testng.reporters.JUnitReportReporter -->
<testsuite skipped="0" hostname="LAPTOP-T2D0RNDH" name="com.jbkoffline.qa.testcases.UsersPageTest" tests="1" failures="0" timestamp="22 May 2019 11:34:31 GMT" time="21.594" errors="0">
  <testcase name="validateAddNewUsersTest" time="21.594" classname="com.jbkoffline.qa.testcases.UsersPageTest"/>
</testsuite> <!-- com.jbkoffline.qa.testcases.UsersPageTest -->
