<?xml version="1.0" encoding="UTF-8"?>
<!-- Generated by org.testng.reporters.JUnitReportReporter -->
<testsuite skipped="0" hostname="LAPTOP-T2D0RNDH" name="com.jbkoffline.qa.testcases.RegisterPageTest" tests="2" failures="0" timestamp="15 May 2019 09:34:23 GMT" time="13.125" errors="0">
  <testcase name="verifyRegisterPageTitleTest" time="5.581" classname="com.jbkoffline.qa.testcases.RegisterPageTest"/>
  <testcase name="EnterRegisterUserDetails" time="7.544" classname="com.jbkoffline.qa.testcases.RegisterPageTest"/>
</testsuite> <!-- com.jbkoffline.qa.testcases.RegisterPageTest -->
