<?xml version="1.0" encoding="UTF-8"?>
<!-- Generated by org.testng.reporters.JUnitReportReporter -->
<testsuite skipped="0" hostname="LAPTOP-T2D0RNDH" name="com.jbkoffline.qa.testcases.RegdPageTest" tests="1" failures="0" timestamp="13 Mar 2019 12:32:15 GMT" time="16.093" errors="0">
  <testcase name="EnterRegisterUserDetails" time="16.093" classname="com.jbkoffline.qa.testcases.RegdPageTest"/>
</testsuite> <!-- com.jbkoffline.qa.testcases.RegdPageTest -->
