<?xml version="1.0" encoding="UTF-8"?>
<!-- Generated by org.testng.reporters.JUnitReportReporter -->
<testsuite skipped="0" hostname="LAPTOP-T2D0RNDH" name="com.jbkoffline.qa.testcases.LoginPageTest" tests="1" failures="0" timestamp="22 May 2019 11:33:30 GMT" time="27.273" errors="0">
  <testcase name="loginTest" time="27.273" classname="com.jbkoffline.qa.testcases.LoginPageTest"/>
</testsuite> <!-- com.jbkoffline.qa.testcases.LoginPageTest -->
