<?xml version="1.0" encoding="UTF-8"?>
<!-- Generated by org.testng.reporters.JUnitReportReporter -->
<testsuite skipped="0" hostname="LAPTOP-T2D0RNDH" name="com.jbkoffline.qa.testcases.OperatorsPageTest" tests="2" failures="0" timestamp="15 May 2019 09:34:23 GMT" time="38.509" errors="0">
  <testcase name="verifyOperatorsTableTest" time="28.067" classname="com.jbkoffline.qa.testcases.OperatorsPageTest"/>
  <testcase name="LogOutTest" time="10.442" classname="com.jbkoffline.qa.testcases.OperatorsPageTest"/>
</testsuite> <!-- com.jbkoffline.qa.testcases.OperatorsPageTest -->
