<?xml version="1.0" encoding="UTF-8"?>
<!-- Generated by org.testng.reporters.JUnitReportReporter -->
<testsuite hostname="LAPTOP-T2D0RNDH" name="com.jbkoffline.qa.testcases.OperatorsPageTest" tests="2" failures="0" timestamp="28 May 2019 08:33:32 GMT" time="35.843" errors="0">
  <testcase name="verifyOperatorsTableTest" time="28.355" classname="com.jbkoffline.qa.testcases.OperatorsPageTest"/>
  <testcase name="LogOutTest" time="7.488" classname="com.jbkoffline.qa.testcases.OperatorsPageTest"/>
</testsuite> <!-- com.jbkoffline.qa.testcases.OperatorsPageTest -->
