<?xml version="1.0" encoding="UTF-8"?>
<!-- Generated by org.testng.reporters.JUnitReportReporter -->
<testsuite hostname="LAPTOP-T2D0RNDH" name="com.jbkoffline.qa.testcases.LoginPageTest" tests="3" failures="0" timestamp="28 May 2019 08:33:32 GMT" time="37.780" errors="0">
  <testcase name="loginPageTitleTest" time="17.005" classname="com.jbkoffline.qa.testcases.LoginPageTest"/>
  <testcase name="loginTest" time="12.261" classname="com.jbkoffline.qa.testcases.LoginPageTest"/>
  <testcase name="urlLogoTest" time="8.514" classname="com.jbkoffline.qa.testcases.LoginPageTest"/>
</testsuite> <!-- com.jbkoffline.qa.testcases.LoginPageTest -->
