<?xml version="1.0" encoding="UTF-8"?>
<!-- Generated by org.testng.reporters.JUnitReportReporter -->
<testsuite hostname="LAPTOP-T2D0RNDH" name="com.jbkoffline.qa.testcases.UsersPageTest" tests="2" failures="0" timestamp="28 May 2019 08:33:32 GMT" time="15.540" errors="0">
  <testcase name="validateAddNewUsersTest" time="9.169" classname="com.jbkoffline.qa.testcases.UsersPageTest"/>
  <testcase name="verifyUsersPageLabelTest" time="6.371" classname="com.jbkoffline.qa.testcases.UsersPageTest"/>
</testsuite> <!-- com.jbkoffline.qa.testcases.UsersPageTest -->
