<?xml version="1.0" encoding="UTF-8"?>
<!-- Generated by org.testng.reporters.JUnitReportReporter -->
<testsuite hostname="LAPTOP-T2D0RNDH" name="com.jbkoffline.qa.testcases.RegisterPageTest" tests="2" failures="0" timestamp="28 May 2019 08:33:32 GMT" time="12.075" errors="0">
  <testcase name="verifyRegisterPageTitleTest" time="5.105" classname="com.jbkoffline.qa.testcases.RegisterPageTest"/>
  <testcase name="EnterRegisterUserDetails" time="6.970" classname="com.jbkoffline.qa.testcases.RegisterPageTest"/>
</testsuite> <!-- com.jbkoffline.qa.testcases.RegisterPageTest -->
