<?xml version="1.0" encoding="UTF-8"?>
<!-- Generated by org.testng.reporters.JUnitReportReporter -->
<testsuite hostname="LAPTOP-T2D0RNDH" name="com.jbkoffline.qa.testcases.HomePageTest" tests="3" failures="0" timestamp="28 May 2019 08:33:32 GMT" time="28.965" errors="0">
  <testcase name="verifyOperatorsLinkTest" time="11.035" classname="com.jbkoffline.qa.testcases.HomePageTest"/>
  <testcase name="verifyHomePageTitleTest" time="9.647" classname="com.jbkoffline.qa.testcases.HomePageTest"/>
  <testcase name="verifyUsersLinkTest" time="8.283" classname="com.jbkoffline.qa.testcases.HomePageTest"/>
</testsuite> <!-- com.jbkoffline.qa.testcases.HomePageTest -->
